DropMemo/app/build/intermediates/manifest_merge_blame_file/debug/manifest-merger-blame-debug-report.txt
1<?xml version="1.0" encoding="utf-8"?>
2<manifest xmlns:android="http://schemas.android.com/apk/res/android"
3    package="com.example.dropmemo"
4    android:versionCode="1"
5    android:versionName="1.0" >
6
7    <uses-sdk
8        android:minSdkVersion="24"
9        android:targetSdkVersion="34" />
10
11    <uses-permission android:name="android.permission.INTERNET" />
11-->src\main\AndroidManifest.xml:5:5-66
11-->src\main\AndroidManifest.xml:5:22-64
12    <uses-permission android:name="android.permission.ACCESS_FINE_LOCATION" />
12-->src\main\AndroidManifest.xml:6:5-78
12-->src\main\AndroidManifest.xml:6:22-76
13    <uses-permission android:name="android.permission.ACCESS_COARSE_LOCATION" />
13-->src\main\AndroidManifest.xml:7:5-80
13-->src\main\AndroidManifest.xml:7:22-78
14
15    <uses-feature
15-->[com.naver.maps:map-sdk:3.23.0] AndroidManifest.xml:7:5-9:35
16        android:glEsVersion="0x00020000"
16-->[com.naver.maps:map-sdk:3.23.0] AndroidManifest.xml:8:9-41
17        android:required="true" />
17-->[com.naver.maps:map-sdk:3.23.0] AndroidManifest.xml:9:9-32
18    <uses-feature
18-->[com.naver.maps:map-sdk:3.23.0] AndroidManifest.xml:10:5-12:36
19        android:name="android.hardware.wifi"
19-->[com.naver.maps:map-sdk:3.23.0] AndroidManifest.xml:11:9-45
20        android:required="false" />
20-->[com.naver.maps:map-sdk:3.23.0] AndroidManifest.xml:12:9-33
21
22    <uses-permission android:name="android.permission.ACCESS_NETWORK_STATE" />
22-->[com.naver.maps:map-sdk:3.23.0] AndroidManifest.xml:15:5-79
22-->[com.naver.maps:map-sdk:3.23.0] AndroidManifest.xml:15:22-76
23    <uses-permission android:name="android.permission.ACCESS_WIFI_STATE" />
23-->[com.naver.maps:map-sdk:3.23.0] AndroidManifest.xml:16:5-76
23-->[com.naver.maps:map-sdk:3.23.0] AndroidManifest.xml:16:22-73
24
25    <permission
25-->[androidx.core:core:1.13.0] AndroidManifest.xml:22:5-24:47
26        android:name="com.example.dropmemo.DYNAMIC_RECEIVER_NOT_EXPORTED_PERMISSION"
26-->[androidx.core:core:1.13.0] AndroidManifest.xml:23:9-81
27        android:protectionLevel="signature" />
27-->[androidx.core:core:1.13.0] AndroidManifest.xml:24:9-44
28
29    <uses-permission android:name="com.example.dropmemo.DYNAMIC_RECEIVER_NOT_EXPORTED_PERMISSION" />
29-->[androidx.core:core:1.13.0] AndroidManifest.xml:26:5-97
29-->[androidx.core:core:1.13.0] AndroidManifest.xml:26:22-94
30
31    <application
31-->src\main\AndroidManifest.xml:9:5-37:19
32        android:allowBackup="true"
32-->src\main\AndroidManifest.xml:10:9-35
33        android:appComponentFactory="androidx.core.app.CoreComponentFactory"
33-->[androidx.core:core:1.13.0] AndroidManifest.xml:28:18-86
34        android:dataExtractionRules="@xml/data_extraction_rules"
34-->src\main\AndroidManifest.xml:11:9-65
35        android:debuggable="true"
36        android:extractNativeLibs="false"
37        android:fullBackupContent="@xml/backup_rules"
37-->src\main\AndroidManifest.xml:12:9-54
38        android:icon="@drawable/logo1"
38-->src\main\AndroidManifest.xml:13:9-39
39        android:label="@string/app_name"
39-->src\main\AndroidManifest.xml:14:9-41
40        android:roundIcon="@drawable/logo1"
40-->src\main\AndroidManifest.xml:15:9-44
41        android:supportsRtl="true"
41-->src\main\AndroidManifest.xml:16:9-35
42        android:testOnly="true"
43        android:theme="@style/Theme.DropMemo" >
43-->src\main\AndroidManifest.xml:17:9-46
44        <meta-data
44-->src\main\AndroidManifest.xml:19:9-21:41
45            android:name="com.naver.maps.map.CLIENT_ID"
45-->src\main\AndroidManifest.xml:20:13-56
46            android:value="xry5ysz97e" />
46-->src\main\AndroidManifest.xml:21:13-39
47
48        <activity
48-->src\main\AndroidManifest.xml:23:9-30:20
49            android:name="com.example.dropmemo.memo.SplashActivity"
49-->src\main\AndroidManifest.xml:24:13-48
50            android:exported="true" >
50-->src\main\AndroidManifest.xml:25:13-36
51            <intent-filter>
51-->src\main\AndroidManifest.xml:26:13-29:29
52                <action android:name="android.intent.action.MAIN" />
52-->src\main\AndroidManifest.xml:27:17-69
52-->src\main\AndroidManifest.xml:27:25-66
53
54                <category android:name="android.intent.category.LAUNCHER" />
54-->src\main\AndroidManifest.xml:28:17-77
54-->src\main\AndroidManifest.xml:28:27-74
55            </intent-filter>
56        </activity>
57        <activity android:name="com.example.dropmemo.memo.HomeActivity" />
57-->src\main\AndroidManifest.xml:32:9-54
57-->src\main\AndroidManifest.xml:32:19-52
58        <activity android:name="com.example.dropmemo.memo.ListActivity" />
58-->src\main\AndroidManifest.xml:33:9-54
58-->src\main\AndroidManifest.xml:33:19-52
59        <activity android:name="com.example.dropmemo.memo.AddActivity" />
59-->src\main\AndroidManifest.xml:34:9-53
59-->src\main\AndroidManifest.xml:34:19-51
60        <activity android:name="com.example.dropmemo.memo.SettingsActivity" />
60-->src\main\AndroidManifest.xml:35:9-58
60-->src\main\AndroidManifest.xml:35:19-56
61        <activity
61-->[com.naver.maps:map-sdk:3.23.0] AndroidManifest.xml:19:9-23:51
62            android:name="com.naver.maps.map.app.LegendActivity"
62-->[com.naver.maps:map-sdk:3.23.0] AndroidManifest.xml:20:13-65
63            android:configChanges="screenSize|smallestScreenSize|screenLayout|orientation"
63-->[com.naver.maps:map-sdk:3.23.0] AndroidManifest.xml:21:13-91
64            android:label="@string/navermap_legend"
64-->[com.naver.maps:map-sdk:3.23.0] AndroidManifest.xml:22:13-52
65            android:theme="@style/navermap_app" />
65-->[com.naver.maps:map-sdk:3.23.0] AndroidManifest.xml:23:13-48
66        <activity
66-->[com.naver.maps:map-sdk:3.23.0] AndroidManifest.xml:24:9-28:51
67            android:name="com.naver.maps.map.app.LegalNoticeActivity"
67-->[com.naver.maps:map-sdk:3.23.0] AndroidManifest.xml:25:13-70
68            android:configChanges="screenSize|smallestScreenSize|screenLayout|orientation"
68-->[com.naver.maps:map-sdk:3.23.0] AndroidManifest.xml:26:13-91
69            android:label="@string/navermap_legal_notice"
69-->[com.naver.maps:map-sdk:3.23.0] AndroidManifest.xml:27:13-58
70            android:theme="@style/navermap_app" />
70-->[com.naver.maps:map-sdk:3.23.0] AndroidManifest.xml:28:13-48
71        <activity
71-->[com.naver.maps:map-sdk:3.23.0] AndroidManifest.xml:29:9-33:51
72            android:name="com.naver.maps.map.app.OpenSourceLicenseActivity"
72-->[com.naver.maps:map-sdk:3.23.0] AndroidManifest.xml:30:13-76
73            android:configChanges="screenSize|smallestScreenSize|screenLayout|orientation"
73-->[com.naver.maps:map-sdk:3.23.0] AndroidManifest.xml:31:13-91
74            android:label="@string/navermap_open_source_license"
74-->[com.naver.maps:map-sdk:3.23.0] AndroidManifest.xml:32:13-65
75            android:theme="@style/navermap_app" />
75-->[com.naver.maps:map-sdk:3.23.0] AndroidManifest.xml:33:13-48
76
77        <provider
77-->[androidx.emoji2:emoji2:1.3.0] AndroidManifest.xml:24:9-32:20
78            android:name="androidx.startup.InitializationProvider"
78-->[androidx.emoji2:emoji2:1.3.0] AndroidManifest.xml:25:13-67
79            android:authorities="com.example.dropmemo.androidx-startup"
79-->[androidx.emoji2:emoji2:1.3.0] AndroidManifest.xml:26:13-68
80            android:exported="false" >
80-->[androidx.emoji2:emoji2:1.3.0] AndroidManifest.xml:27:13-37
81            <meta-data
81-->[androidx.emoji2:emoji2:1.3.0] AndroidManifest.xml:29:13-31:52
82                android:name="androidx.emoji2.text.EmojiCompatInitializer"
82-->[androidx.emoji2:emoji2:1.3.0] AndroidManifest.xml:30:17-75
83                android:value="androidx.startup" />
83-->[androidx.emoji2:emoji2:1.3.0] AndroidManifest.xml:31:17-49
84            <meta-data
84-->[androidx.lifecycle:lifecycle-process:2.6.2] AndroidManifest.xml:29:13-31:52
85                android:name="androidx.lifecycle.ProcessLifecycleInitializer"
85-->[androidx.lifecycle:lifecycle-process:2.6.2] AndroidManifest.xml:30:17-78
86                android:value="androidx.startup" />
86-->[androidx.lifecycle:lifecycle-process:2.6.2] AndroidManifest.xml:31:17-49
87            <meta-data
87-->[androidx.profileinstaller:profileinstaller:1.4.0] AndroidManifest.xml:29:13-31:52
88                android:name="androidx.profileinstaller.ProfileInstallerInitializer"
88-->[androidx.profileinstaller:profileinstaller:1.4.0] AndroidManifest.xml:30:17-85
89                android:value="androidx.startup" />
89-->[androidx.profileinstaller:profileinstaller:1.4.0] AndroidManifest.xml:31:17-49
90        </provider>
91
92        <receiver
92-->[androidx.profileinstaller:profileinstaller:1.4.0] AndroidManifest.xml:34:9-52:20
93            android:name="androidx.profileinstaller.ProfileInstallReceiver"
93-->[androidx.profileinstaller:profileinstaller:1.4.0] AndroidManifest.xml:35:13-76
94            android:directBootAware="false"
94-->[androidx.profileinstaller:profileinstaller:1.4.0] AndroidManifest.xml:36:13-44
95            android:enabled="true"
95-->[androidx.profileinstaller:profileinstaller:1.4.0] AndroidManifest.xml:37:13-35
96            android:exported="true"
96-->[androidx.profileinstaller:profileinstaller:1.4.0] AndroidManifest.xml:38:13-36
97            android:permission="android.permission.DUMP" >
97-->[androidx.profileinstaller:profileinstaller:1.4.0] AndroidManifest.xml:39:13-57
98            <intent-filter>
98-->[androidx.profileinstaller:profileinstaller:1.4.0] AndroidManifest.xml:40:13-42:29
99                <action android:name="androidx.profileinstaller.action.INSTALL_PROFILE" />
99-->[androidx.profileinstaller:profileinstaller:1.4.0] AndroidManifest.xml:41:17-91
99-->[androidx.profileinstaller:profileinstaller:1.4.0] AndroidManifest.xml:41:25-88
100            </intent-filter>
101            <intent-filter>
101-->[androidx.profileinstaller:profileinstaller:1.4.0] AndroidManifest.xml:43:13-45:29
102                <action android:name="androidx.profileinstaller.action.SKIP_FILE" />
102-->[androidx.profileinstaller:profileinstaller:1.4.0] AndroidManifest.xml:44:17-85
102-->[androidx.profileinstaller:profileinstaller:1.4.0] AndroidManifest.xml:44:25-82
103            </intent-filter>
104            <intent-filter>
104-->[androidx.profileinstaller:profileinstaller:1.4.0] AndroidManifest.xml:46:13-48:29
105                <action android:name="androidx.profileinstaller.action.SAVE_PROFILE" />
105-->[androidx.profileinstaller:profileinstaller:1.4.0] AndroidManifest.xml:47:17-88
105-->[androidx.profileinstaller:profileinstaller:1.4.0] AndroidManifest.xml:47:25-85
106            </intent-filter>
107            <intent-filter>
107-->[androidx.profileinstaller:profileinstaller:1.4.0] AndroidManifest.xml:49:13-51:29
108                <action android:name="androidx.profileinstaller.action.BENCHMARK_OPERATION" />
108-->[androidx.profileinstaller:profileinstaller:1.4.0] AndroidManifest.xml:50:17-95
108-->[androidx.profileinstaller:profileinstaller:1.4.0] AndroidManifest.xml:50:25-92
109            </intent-filter>
110        </receiver>
111    </application>
112
113</manifest>